2019-12-30 10:21:20.886 [http-nio-8081-exec-1] DEBUG com.my.blog.website.service.impl.ContentServiceImpl - Enter getContents method
2019-12-30 10:21:20.984 [http-nio-8081-exec-1] DEBUG com.my.blog.website.service.impl.ContentServiceImpl - Exit getContents method
2019-12-30 10:22:01.061 [http-nio-8081-exec-8] DEBUG com.my.blog.website.service.impl.SiteServiceImpl - Enter getArchives method
2019-12-30 10:22:01.070 [http-nio-8081-exec-8] DEBUG com.my.blog.website.service.impl.SiteServiceImpl - Exit getArchives method
2019-12-30 10:23:01.209 [http-nio-8081-exec-8] DEBUG com.my.blog.website.service.impl.SiteServiceImpl - Enter getArchives method
2019-12-30 10:23:01.218 [http-nio-8081-exec-8] DEBUG com.my.blog.website.service.impl.SiteServiceImpl - Exit getArchives method
2019-12-30 10:24:00.958 [http-nio-8081-exec-2] DEBUG com.my.blog.website.service.impl.ContentServiceImpl - Enter getContents method
2019-12-30 10:24:00.971 [http-nio-8081-exec-2] DEBUG com.my.blog.website.service.impl.ContentServiceImpl - Exit getContents method
2019-12-30 10:30:10.209 [http-nio-8081-exec-10] INFO  com.my.blog.website.controller.admin.IndexController - Enter admin index method
2019-12-30 10:30:10.209 [http-nio-8081-exec-10] DEBUG com.my.blog.website.service.impl.SiteServiceImpl - Enter recentComments method:limit=5
2019-12-30 10:30:10.213 [http-nio-8081-exec-10] DEBUG com.my.blog.website.service.impl.SiteServiceImpl - Exit recentComments method
2019-12-30 10:30:10.213 [http-nio-8081-exec-10] DEBUG com.my.blog.website.service.impl.SiteServiceImpl - Enter recentContents method
2019-12-30 10:30:10.219 [http-nio-8081-exec-10] DEBUG com.my.blog.website.service.impl.SiteServiceImpl - Exit recentContents method
2019-12-30 10:30:10.219 [http-nio-8081-exec-10] DEBUG com.my.blog.website.service.impl.SiteServiceImpl - Enter getStatistics method
2019-12-30 10:30:10.232 [http-nio-8081-exec-10] DEBUG com.my.blog.website.service.impl.SiteServiceImpl - Exit getStatistics method
2019-12-30 10:30:10.232 [http-nio-8081-exec-10] DEBUG com.my.blog.website.service.impl.LogServiceImpl - Enter getLogs method:page=1,linit=5
2019-12-30 10:30:10.239 [http-nio-8081-exec-10] DEBUG com.my.blog.website.service.impl.LogServiceImpl - Exit getLogs method
2019-12-30 10:30:10.239 [http-nio-8081-exec-10] INFO  com.my.blog.website.controller.admin.IndexController - Exit admin index method
2019-12-30 10:31:06.337 [http-nio-8081-exec-2] INFO  com.my.blog.website.controller.admin.IndexController - Enter admin index method
2019-12-30 10:31:06.337 [http-nio-8081-exec-2] DEBUG com.my.blog.website.service.impl.SiteServiceImpl - Enter recentComments method:limit=5
2019-12-30 10:31:06.342 [http-nio-8081-exec-2] DEBUG com.my.blog.website.service.impl.SiteServiceImpl - Exit recentComments method
2019-12-30 10:31:06.342 [http-nio-8081-exec-2] DEBUG com.my.blog.website.service.impl.SiteServiceImpl - Enter recentContents method
2019-12-30 10:31:06.346 [http-nio-8081-exec-2] DEBUG com.my.blog.website.service.impl.SiteServiceImpl - Exit recentContents method
2019-12-30 10:31:06.346 [http-nio-8081-exec-2] DEBUG com.my.blog.website.service.impl.SiteServiceImpl - Enter getStatistics method
2019-12-30 10:31:06.356 [http-nio-8081-exec-2] DEBUG com.my.blog.website.service.impl.SiteServiceImpl - Exit getStatistics method
2019-12-30 10:31:06.356 [http-nio-8081-exec-2] DEBUG com.my.blog.website.service.impl.LogServiceImpl - Enter getLogs method:page=1,linit=5
2019-12-30 10:31:06.360 [http-nio-8081-exec-2] DEBUG com.my.blog.website.service.impl.LogServiceImpl - Exit getLogs method
2019-12-30 10:31:06.360 [http-nio-8081-exec-2] INFO  com.my.blog.website.controller.admin.IndexController - Exit admin index method
2019-12-30 10:31:40.232 [http-nio-8081-exec-2] INFO  com.my.blog.website.controller.admin.IndexController - Enter admin index method
2019-12-30 10:31:40.232 [http-nio-8081-exec-2] DEBUG com.my.blog.website.service.impl.SiteServiceImpl - Enter recentComments method:limit=5
2019-12-30 10:31:40.237 [http-nio-8081-exec-2] DEBUG com.my.blog.website.service.impl.SiteServiceImpl - Exit recentComments method
2019-12-30 10:31:40.237 [http-nio-8081-exec-2] DEBUG com.my.blog.website.service.impl.SiteServiceImpl - Enter recentContents method
2019-12-30 10:31:40.243 [http-nio-8081-exec-2] DEBUG com.my.blog.website.service.impl.SiteServiceImpl - Exit recentContents method
2019-12-30 10:31:40.243 [http-nio-8081-exec-2] DEBUG com.my.blog.website.service.impl.SiteServiceImpl - Enter getStatistics method
2019-12-30 10:31:40.250 [http-nio-8081-exec-2] DEBUG com.my.blog.website.service.impl.SiteServiceImpl - Exit getStatistics method
2019-12-30 10:31:40.250 [http-nio-8081-exec-2] DEBUG com.my.blog.website.service.impl.LogServiceImpl - Enter getLogs method:page=1,linit=5
2019-12-30 10:31:40.254 [http-nio-8081-exec-2] DEBUG com.my.blog.website.service.impl.LogServiceImpl - Exit getLogs method
2019-12-30 10:31:40.254 [http-nio-8081-exec-2] INFO  com.my.blog.website.controller.admin.IndexController - Exit admin index method
2019-12-30 10:32:16.510 [http-nio-8081-exec-7] DEBUG com.my.blog.website.service.impl.ContentServiceImpl - Enter getContents method
2019-12-30 10:32:16.516 [http-nio-8081-exec-7] DEBUG com.my.blog.website.service.impl.ContentServiceImpl - Exit getContents method
2019-12-30 11:27:09.374 [http-nio-8081-exec-1] INFO  com.my.blog.website.controller.admin.IndexController - Enter admin index method
2019-12-30 11:27:09.374 [http-nio-8081-exec-1] DEBUG com.my.blog.website.service.impl.SiteServiceImpl - Enter recentComments method:limit=5
2019-12-30 11:27:09.379 [http-nio-8081-exec-1] DEBUG com.my.blog.website.service.impl.SiteServiceImpl - Exit recentComments method
2019-12-30 11:27:09.379 [http-nio-8081-exec-1] DEBUG com.my.blog.website.service.impl.SiteServiceImpl - Enter recentContents method
2019-12-30 11:27:09.384 [http-nio-8081-exec-1] DEBUG com.my.blog.website.service.impl.SiteServiceImpl - Exit recentContents method
2019-12-30 11:27:09.384 [http-nio-8081-exec-1] DEBUG com.my.blog.website.service.impl.SiteServiceImpl - Enter getStatistics method
2019-12-30 11:27:09.391 [http-nio-8081-exec-1] DEBUG com.my.blog.website.service.impl.SiteServiceImpl - Exit getStatistics method
2019-12-30 11:27:09.391 [http-nio-8081-exec-1] DEBUG com.my.blog.website.service.impl.LogServiceImpl - Enter getLogs method:page=1,linit=5
2019-12-30 11:27:09.396 [http-nio-8081-exec-1] DEBUG com.my.blog.website.service.impl.LogServiceImpl - Exit getLogs method
2019-12-30 11:27:09.396 [http-nio-8081-exec-1] INFO  com.my.blog.website.controller.admin.IndexController - Exit admin index method
2019-12-30 11:37:27.798 [http-nio-8081-exec-1] DEBUG com.my.blog.website.service.impl.ContentServiceImpl - Enter getContents method
2019-12-30 11:37:27.899 [http-nio-8081-exec-1] DEBUG com.my.blog.website.service.impl.ContentServiceImpl - Exit getContents method
